c:\users\sahar\onedrive\desktop\לימודים\שנה א\c\מטלות מתקדמות\hospital system\hospital system\hospital system\hospital system\debug\vc143.pdb
c:\users\sahar\onedrive\desktop\לימודים\שנה א\c\מטלות מתקדמות\hospital system\hospital system\hospital system\hospital system\debug\vc143.idb
c:\users\sahar\onedrive\desktop\לימודים\שנה א\c\מטלות מתקדמות\hospital system\hospital system\hospital system\hospital system\debug\structprintfunctions.obj
c:\users\sahar\onedrive\desktop\לימודים\שנה א\c\מטלות מתקדמות\hospital system\hospital system\hospital system\hospital system\debug\ptree.obj
c:\users\sahar\onedrive\desktop\לימודים\שנה א\c\מטלות מתקדמות\hospital system\hospital system\hospital system\hospital system\debug\pstack.obj
c:\users\sahar\onedrive\desktop\לימודים\שנה א\c\מטלות מתקדמות\hospital system\hospital system\hospital system\hospital system\debug\pline.obj
c:\users\sahar\onedrive\desktop\לימודים\שנה א\c\מטלות מתקדמות\hospital system\hospital system\hospital system\hospital system\debug\main.obj
c:\users\sahar\onedrive\desktop\לימודים\שנה א\c\מטלות מתקדמות\hospital system\hospital system\hospital system\hospital system\debug\filesfunctions.obj
c:\users\sahar\onedrive\desktop\לימודים\שנה א\c\מטלות מתקדמות\hospital system\hospital system\hospital system\hospital system\debug\dlist.obj
c:\users\sahar\onedrive\desktop\לימודים\שנה א\c\מטלות מתקדמות\hospital system\hospital system\hospital system\debug\hospital system.exe
c:\users\sahar\onedrive\desktop\לימודים\שנה א\c\מטלות מתקדמות\hospital system\hospital system\hospital system\debug\hospital system.pdb
c:\users\sahar\onedrive\desktop\לימודים\שנה א\c\מטלות מתקדמות\hospital system\hospital system\hospital system\hospital system\debug\hospital system.ilk
c:\users\sahar\onedrive\desktop\לימודים\שנה א\c\מטלות מתקדמות\hospital system\hospital system\hospital system\hospital system\debug\menufunction.obj
c:\users\sahar\onedrive\desktop\לימודים\שנה א\c\מטלות מתקדמות\hospital system\hospital system\hospital system\hospital system\debug\dlist.obj.enc
c:\users\sahar\onedrive\desktop\לימודים\שנה א\c\מטלות מתקדמות\hospital system\hospital system\hospital system\hospital system\debug\filesfunctions.obj.enc
c:\users\sahar\onedrive\desktop\לימודים\שנה א\c\מטלות מתקדמות\hospital system\hospital system\hospital system\hospital system\debug\main.obj.enc
c:\users\sahar\onedrive\desktop\לימודים\שנה א\c\מטלות מתקדמות\hospital system\hospital system\hospital system\hospital system\debug\menufunction.obj.enc
c:\users\sahar\onedrive\desktop\לימודים\שנה א\c\מטלות מתקדמות\hospital system\hospital system\hospital system\hospital system\debug\pstack.obj.enc
c:\users\sahar\onedrive\desktop\לימודים\שנה א\c\מטלות מתקדמות\hospital system\hospital system\hospital system\hospital system\debug\ptree.obj.enc
c:\users\sahar\onedrive\desktop\לימודים\שנה א\c\מטלות מתקדמות\hospital system\hospital system\hospital system\hospital system\debug\hospital system.tlog\cl.command.1.tlog
c:\users\sahar\onedrive\desktop\לימודים\שנה א\c\מטלות מתקדמות\hospital system\hospital system\hospital system\hospital system\debug\hospital system.tlog\cl.items.tlog
c:\users\sahar\onedrive\desktop\לימודים\שנה א\c\מטלות מתקדמות\hospital system\hospital system\hospital system\hospital system\debug\hospital system.tlog\cl.read.1.tlog
c:\users\sahar\onedrive\desktop\לימודים\שנה א\c\מטלות מתקדמות\hospital system\hospital system\hospital system\hospital system\debug\hospital system.tlog\cl.write.1.tlog
c:\users\sahar\onedrive\desktop\לימודים\שנה א\c\מטלות מתקדמות\hospital system\hospital system\hospital system\hospital system\debug\hospital system.tlog\link.command.1.tlog
c:\users\sahar\onedrive\desktop\לימודים\שנה א\c\מטלות מתקדמות\hospital system\hospital system\hospital system\hospital system\debug\hospital system.tlog\link.read.1.tlog
c:\users\sahar\onedrive\desktop\לימודים\שנה א\c\מטלות מתקדמות\hospital system\hospital system\hospital system\hospital system\debug\hospital system.tlog\link.secondary.1.tlog
c:\users\sahar\onedrive\desktop\לימודים\שנה א\c\מטלות מתקדמות\hospital system\hospital system\hospital system\hospital system\debug\hospital system.tlog\link.write.1.tlog
